#
# There is insufficient memory for the Java Runtime Environment to continue.
# Native memory allocation (malloc) failed to allocate 541520 bytes for Chunk::new
# Possible reasons:
#   The system is out of physical RAM or swap space
#   The process is running with CompressedOops enabled, and the Java Heap may be blocking the growth of the native heap
# Possible solutions:
#   Reduce memory load on the system
#   Increase physical memory or swap space
#   Check if swap backing store is full
#   Decrease Java heap size (-Xmx/-Xms)
#   Decrease number of Java threads
#   Decrease Java thread stack sizes (-Xss)
#   Set larger code cache with -XX:ReservedCodeCacheSize=
#   JVM is running with Unscaled Compressed Oops mode in which the Java heap is
#     placed in the first 4GB address space. The Java Heap base address is the
#     maximum limit for the native heap growth. Please use -XX:HeapBaseMinAddress
#     to set the Java Heap base and to place the Java Heap above 4GB virtual address.
# This output file may be truncated or incomplete.
#
#  Out of Memory Error (allocation.cpp:389), pid=15440, tid=0x00000000000006cc
#
# JRE version: OpenJDK Runtime Environment (8.0_242-b01) (build 1.8.0_242-release-1644-b01)
# Java VM: OpenJDK 64-Bit Server VM (25.242-b01 mixed mode windows-amd64 compressed oops)
# Failed to write core dump. Minidumps are not enabled by default on client versions of Windows
#

---------------  T H R E A D  ---------------

Current thread (0x00000000171da800):  JavaThread "C2 CompilerThread1" daemon [_thread_in_native, id=1740, stack(0x0000000018920000,0x0000000018a20000)]

Stack: [0x0000000018920000,0x0000000018a20000]
[error occurred during error reporting (printing stack bounds), id 0xc0000005]

Native frames: (J=compiled Java code, j=interpreted, Vv=VM code, C=native code)


Current CompileTask:
C2:  14698 6649       4       java.lang.Class::privateGetMethodRecursive (130 bytes)


---------------  P R O C E S S  ---------------

Java Threads: ( => current thread )
  0x000000001d932000 JavaThread "Execution worker for ':' Thread 3" [_thread_in_vm, id=12168, stack(0x00000000261e0000,0x00000000262e0000)]
  0x000000001d938000 JavaThread "Execution worker for ':' Thread 2" [_thread_blocked, id=5784, stack(0x00000000260e0000,0x00000000261e0000)]
  0x000000001d934000 JavaThread "Execution worker for ':'" [_thread_in_Java, id=21548, stack(0x0000000025fe0000,0x00000000260e0000)]
  0x000000001d1e5000 JavaThread "Cache worker for file content cache (C:\Users\Zeynep\AndroidStudioProjects\MissingPeople\.gradle\6.1.1\fileContent)" [_thread_blocked, id=14200, stack(0x00000000255d0000,0x00000000256d0000)]
  0x000000001d1e4800 JavaThread "Cache worker for file content cache (C:\Users\Zeynep\.gradle\caches\6.1.1\fileContent)" [_thread_blocked, id=15420, stack(0x0000000025230000,0x0000000025330000)]
  0x000000001d1e3800 JavaThread "Memory manager" [_thread_blocked, id=8304, stack(0x0000000025130000,0x0000000025230000)]
  0x000000001d1e2800 JavaThread "Cache worker for Build Output Cleanup Cache (C:\Users\Zeynep\AndroidStudioProjects\MissingPeople\.gradle\buildOutputCleanup)" [_thread_blocked, id=3208, stack(0x0000000022ae0000,0x0000000022be0000)]
  0x000000001d1db000 JavaThread "pool-1-thread-1" [_thread_blocked, id=12416, stack(0x00000000227c0000,0x00000000228c0000)]
  0x000000001d1e1000 JavaThread "Build operations Thread 4" [_thread_blocked, id=21152, stack(0x0000000022e80000,0x0000000022f80000)]
  0x000000001d1e0800 JavaThread "Build operations Thread 3" [_thread_blocked, id=9884, stack(0x0000000022d80000,0x0000000022e80000)]
  0x000000001d1d9800 JavaThread "Build operations Thread 2" [_thread_blocked, id=21772, stack(0x0000000022c80000,0x0000000022d80000)]
  0x000000001d1dd800 JavaThread "Build operations" [_thread_blocked, id=7228, stack(0x00000000210e0000,0x00000000211e0000)]
  0x000000001d1d8000 JavaThread "Cache worker for execution history cache (C:\Users\Zeynep\.gradle\caches\6.1.1\executionHistory)" [_thread_blocked, id=1840, stack(0x0000000020960000,0x0000000020a60000)]
  0x000000001d1de000 JavaThread "Cache worker for cache directory md-rule (C:\Users\Zeynep\.gradle\caches\6.1.1\md-rule)" [_thread_blocked, id=22192, stack(0x000000001f330000,0x000000001f430000)]
  0x000000001af41000 JavaThread "Cache worker for cache directory md-supplier (C:\Users\Zeynep\.gradle\caches\6.1.1\md-supplier)" [_thread_blocked, id=21296, stack(0x000000001f230000,0x000000001f330000)]
  0x000000001af42800 JavaThread "Cache worker for file hash cache (C:\Users\Zeynep\AndroidStudioProjects\MissingPeople\.gradle\6.1.1\fileHashes)" [_thread_blocked, id=19668, stack(0x000000001f4d0000,0x000000001f5d0000)]
  0x000000001af3f800 JavaThread "Cache worker for checksums cache (C:\Users\Zeynep\AndroidStudioProjects\MissingPeople\.gradle\checksums)" [_thread_blocked, id=20940, stack(0x000000001f690000,0x000000001f790000)]
  0x000000001af41800 JavaThread "Cache worker for file hash cache (C:\Users\Zeynep\.gradle\caches\6.1.1\fileHashes)" [_thread_blocked, id=21584, stack(0x000000001cf90000,0x000000001d090000)]
  0x000000001af40000 JavaThread "File lock request listener" [_thread_in_native, id=22512, stack(0x000000001ce90000,0x000000001cf90000)]
  0x000000001b0e2800 JavaThread "Cache worker for journal cache (C:\Users\Zeynep\.gradle\caches\journal-1)" [_thread_blocked, id=18948, stack(0x000000001cd90000,0x000000001ce90000)]
  0x00000000193a6000 JavaThread "Thread-9" [_thread_blocked, id=22116, stack(0x000000001ca90000,0x000000001cb90000)]
  0x000000001957a000 JavaThread "Stdin handler" [_thread_blocked, id=13760, stack(0x000000001c990000,0x000000001ca90000)]
  0x0000000019579800 JavaThread "Asynchronous log dispatcher for DefaultDaemonConnection: socket connection from /127.0.0.1:57315 to /127.0.0.1:57316" [_thread_blocked, id=9284, stack(0x000000001c890000,0x000000001c990000)]
  0x0000000019577800 JavaThread "Daemon worker" [_thread_blocked, id=5080, stack(0x000000001c790000,0x000000001c890000)]
  0x000000001b01a000 JavaThread "Cancel handler" [_thread_blocked, id=17920, stack(0x000000001c690000,0x000000001c790000)]
  0x000000001b0a4000 JavaThread "Handler for socket connection from /127.0.0.1:57315 to /127.0.0.1:57316" [_thread_in_native, id=19660, stack(0x000000001c390000,0x000000001c490000)]
  0x000000001b0a1800 JavaThread "Daemon" [_thread_blocked, id=19536, stack(0x000000001c290000,0x000000001c390000)]
  0x000000001b01f000 JavaThread "Daemon periodic checks" [_thread_blocked, id=19280, stack(0x000000001c190000,0x000000001c290000)]
  0x000000001afdb800 JavaThread "Incoming local TCP Connector on port 57315" [_thread_in_native, id=3240, stack(0x0000000019220000,0x0000000019320000)]
  0x000000001af27800 JavaThread "Daemon health stats" [_thread_blocked, id=8392, stack(0x0000000019120000,0x0000000019220000)]
  0x0000000018b51800 JavaThread "Service Thread" daemon [_thread_blocked, id=6048, stack(0x0000000018f20000,0x0000000019020000)]
  0x00000000171e2800 JavaThread "C1 CompilerThread2" daemon [_thread_in_native, id=16304, stack(0x0000000018a20000,0x0000000018b20000)]
=>0x00000000171da800 JavaThread "C2 CompilerThread1" daemon [_thread_in_native, id=1740, stack(0x0000000018920000,0x0000000018a20000)]
  0x00000000171d7800 JavaThread "C2 CompilerThread0" daemon [_thread_in_native, id=18232, stack(0x0000000018820000,0x0000000018920000)]
  0x00000000171d6000 JavaThread "Attach Listener" daemon [_thread_blocked, id=22468, stack(0x0000000018720000,0x0000000018820000)]
  0x00000000171d5000 JavaThread "Signal Dispatcher" daemon [_thread_blocked, id=13600, stack(0x0000000018620000,0x0000000018720000)]
  0x000000000252d800 JavaThread "Finalizer" daemon [_thread_blocked, id=15712, stack(0x0000000018430000,0x0000000018530000)]
  0x00000000171b9800 JavaThread "Reference Handler" daemon [_thread_blocked, id=16984, stack(0x0000000018330000,0x0000000018430000)]
  0x00000000025ae800 JavaThread "main" [_thread_blocked, id=15248, stack(0x00000000022b0000,0x00000000023b0000)]

Other Threads:
  0x0000000017196000 VMThread [stack: 0x0000000018230000,0x0000000018330000] [id=22172]
  0x000000001722c000 WatcherThread [stack: 0x0000000019020000,0x0000000019120000] [id=21088]

VM state:not at safepoint (normal execution)

VM Mutex/Monitor currently owned by a thread: None

heap address: 0x0000000080000000, size: 2048 MB, Compressed Oops mode: 32-bit
Narrow klass base: 0x0000000000000000, Narrow klass shift: 3
Compressed class space size: 1073741824 Address: 0x0000000100000000

Heap:
 PSYoungGen      total 209408K, used 110171K [0x00000000d5580000, 0x00000000e4000000, 0x0000000100000000)
  eden space 192512K, 57% used [0x00000000d5580000,0x00000000dc116d30,0x00000000e1180000)
  from space 16896K, 0% used [0x00000000e2700000,0x00000000e2700000,0x00000000e3780000)
  to   space 22016K, 0% used [0x00000000e1180000,0x00000000e1180000,0x00000000e2700000)
 ParOldGen       total 169984K, used 37797K [0x0000000080000000, 0x000000008a600000, 0x00000000d5580000)
  object space 169984K, 22% used [0x0000000080000000,0x00000000824e9410,0x000000008a600000)
 Metaspace       used 63267K, capacity 65558K, committed 65752K, reserved 1105920K
  class space    used 8648K, capacity 9112K, committed 9216K, reserved 1048576K

Card table byte_map: [0x0000000011970000,0x0000000011d80000] byte_map_base: 0x0000000011570000

Marking Bits: (ParMarkBitMap*) 0x000000007674f030
 Begin Bits: [0x0000000012430000, 0x0000000014430000)
 End Bits:   [0x0000000014430000, 0x0000000016430000)

Polling page: 0x0000000000a20000

CodeCache: size=245760Kb used=20472Kb max_used=20472Kb free=225287Kb
 bounds [0x00000000025b0000, 0x00000000039c0000, 0x00000000115b0000]
 total_blobs=7130 nmethods=6304 adapters=737
 compilation: enabled

Compilation events (10 events):
Event: 14.674 Thread 0x00000000171e2800 6897       2       org.gradle.execution.plan.Node::doCheckDependenciesComplete (77 bytes)
Event: 14.675 Thread 0x00000000171e2800 nmethod 6897 0x00000000039b7610 code [0x00000000039b7860, 0x00000000039b8198]
Event: 14.675 Thread 0x00000000171e2800 6896       2       org.gradle.execution.plan.Node::isComplete (56 bytes)
Event: 14.675 Thread 0x00000000171e2800 nmethod 6896 0x00000000039b8b50 code [0x00000000039b8ca0, 0x00000000039b8e70]
Event: 14.677 Thread 0x00000000171e2800 6898       1       org.gradle.api.internal.artifacts.transform.TransformationNode::isPublicNode (2 bytes)
Event: 14.677 Thread 0x00000000171e2800 nmethod 6898 0x00000000039b8f10 code [0x00000000039b9060, 0x00000000039b9170]
Event: 14.692 Thread 0x00000000171e2800 6899       2       sun.reflect.generics.repository.MethodRepository::getReturnType (41 bytes)
Event: 14.693 Thread 0x00000000171e2800 nmethod 6899 0x00000000039b91d0 code [0x00000000039b9340, 0x00000000039b95c8]
Event: 14.696 Thread 0x00000000171e2800 6900       2       org.gradle.api.internal.artifacts.ivyservice.ivyresolve.RepositoryChainArtifactResolver::findSourceRepository (48 bytes)
Event: 14.696 Thread 0x00000000171e2800 nmethod 6900 0x00000000039b9710 code [0x00000000039b98c0, 0x00000000039b9c98]

GC Heap History (10 events):
Event: 7.567 GC heap before
{Heap before GC invocations=9 (full 1):
 PSYoungGen      total 104960K, used 50143K [0x00000000d5580000, 0x00000000e0800000, 0x0000000100000000)
  eden space 93696K, 42% used [0x00000000d5580000,0x00000000d7c78630,0x00000000db100000)
  from space 11264K, 90% used [0x00000000db100000,0x00000000dbaff828,0x00000000dbc00000)
  to   space 12288K, 0% used [0x00000000dfc00000,0x00000000dfc00000,0x00000000e0800000)
 ParOldGen       total 67584K, used 7491K [0x0000000080000000, 0x0000000084200000, 0x00000000d5580000)
  object space 67584K, 11% used [0x0000000080000000,0x0000000080750fd0,0x0000000084200000)
 Metaspace       used 34574K, capacity 35354K, committed 35416K, reserved 1079296K
  class space    used 4719K, capacity 4948K, committed 4992K, reserved 1048576K
Event: 7.581 GC heap after
Heap after GC invocations=9 (full 1):
 PSYoungGen      total 170496K, used 9139K [0x00000000d5580000, 0x00000000e1280000, 0x0000000100000000)
  eden space 158208K, 0% used [0x00000000d5580000,0x00000000d5580000,0x00000000df000000)
  from space 12288K, 74% used [0x00000000dfc00000,0x00000000e04ece90,0x00000000e0800000)
  to   space 12288K, 0% used [0x00000000df000000,0x00000000df000000,0x00000000dfc00000)
 ParOldGen       total 67584K, used 7499K [0x0000000080000000, 0x0000000084200000, 0x00000000d5580000)
  object space 67584K, 11% used [0x0000000080000000,0x0000000080752fd0,0x0000000084200000)
 Metaspace       used 34574K, capacity 35354K, committed 35416K, reserved 1079296K
  class space    used 4719K, capacity 4948K, committed 4992K, reserved 1048576K
}
Event: 7.581 GC heap before
{Heap before GC invocations=10 (full 2):
 PSYoungGen      total 170496K, used 9139K [0x00000000d5580000, 0x00000000e1280000, 0x0000000100000000)
  eden space 158208K, 0% used [0x00000000d5580000,0x00000000d5580000,0x00000000df000000)
  from space 12288K, 74% used [0x00000000dfc00000,0x00000000e04ece90,0x00000000e0800000)
  to   space 12288K, 0% used [0x00000000df000000,0x00000000df000000,0x00000000dfc00000)
 ParOldGen       total 67584K, used 7499K [0x0000000080000000, 0x0000000084200000, 0x00000000d5580000)
  object space 67584K, 11% used [0x0000000080000000,0x0000000080752fd0,0x0000000084200000)
 Metaspace       used 34574K, capacity 35354K, committed 35416K, reserved 1079296K
  class space    used 4719K, capacity 4948K, committed 4992K, reserved 1048576K
Event: 7.698 GC heap after
Heap after GC invocations=10 (full 2):
 PSYoungGen      total 170496K, used 0K [0x00000000d5580000, 0x00000000e1280000, 0x0000000100000000)
  eden space 158208K, 0% used [0x00000000d5580000,0x00000000d5580000,0x00000000df000000)
  from space 12288K, 0% used [0x00000000dfc00000,0x00000000dfc00000,0x00000000e0800000)
  to   space 12288K, 0% used [0x00000000df000000,0x00000000df000000,0x00000000dfc00000)
 ParOldGen       total 107008K, used 15378K [0x0000000080000000, 0x0000000086880000, 0x00000000d5580000)
  object space 107008K, 14% used [0x0000000080000000,0x0000000080f04ac8,0x0000000086880000)
 Metaspace       used 34574K, capacity 35354K, committed 35416K, reserved 1079296K
  class space    used 4719K, capacity 4948K, committed 4992K, reserved 1048576K
}
Event: 10.285 GC heap before
{Heap before GC invocations=11 (full 2):
 PSYoungGen      total 170496K, used 158208K [0x00000000d5580000, 0x00000000e1280000, 0x0000000100000000)
  eden space 158208K, 100% used [0x00000000d5580000,0x00000000df000000,0x00000000df000000)
  from space 12288K, 0% used [0x00000000dfc00000,0x00000000dfc00000,0x00000000e0800000)
  to   space 12288K, 0% used [0x00000000df000000,0x00000000df000000,0x00000000dfc00000)
 ParOldGen       total 107008K, used 15378K [0x0000000080000000, 0x0000000086880000, 0x00000000d5580000)
  object space 107008K, 14% used [0x0000000080000000,0x0000000080f04ac8,0x0000000086880000)
 Metaspace       used 49136K, capacity 50600K, committed 50904K, reserved 1093632K
  class space    used 6555K, capacity 6882K, committed 6912K, reserved 1048576K
Event: 10.308 GC heap after
Heap after GC invocations=11 (full 2):
 PSYoungGen      total 170496K, used 12274K [0x00000000d5580000, 0x00000000e3780000, 0x0000000100000000)
  eden space 158208K, 0% used [0x00000000d5580000,0x00000000d5580000,0x00000000df000000)
  from space 12288K, 99% used [0x00000000df000000,0x00000000dfbfca28,0x00000000dfc00000)
  to   space 16896K, 0% used [0x00000000e2700000,0x00000000e2700000,0x00000000e3780000)
 ParOldGen       total 107008K, used 23214K [0x0000000080000000, 0x0000000086880000, 0x00000000d5580000)
  object space 107008K, 21% used [0x0000000080000000,0x00000000816ab8c8,0x0000000086880000)
 Metaspace       used 49136K, capacity 50600K, committed 50904K, reserved 1093632K
  class space    used 6555K, capacity 6882K, committed 6912K, reserved 1048576K
}
Event: 12.209 GC heap before
{Heap before GC invocations=12 (full 2):
 PSYoungGen      total 170496K, used 170450K [0x00000000d5580000, 0x00000000e3780000, 0x0000000100000000)
  eden space 158208K, 99% used [0x00000000d5580000,0x00000000deff80a8,0x00000000df000000)
  from space 12288K, 99% used [0x00000000df000000,0x00000000dfbfca28,0x00000000dfc00000)
  to   space 16896K, 0% used [0x00000000e2700000,0x00000000e2700000,0x00000000e3780000)
 ParOldGen       total 107008K, used 23214K [0x0000000080000000, 0x0000000086880000, 0x00000000d5580000)
  object space 107008K, 21% used [0x0000000080000000,0x00000000816ab8c8,0x0000000086880000)
 Metaspace       used 56991K, capacity 58890K, committed 58968K, reserved 1099776K
  class space    used 7821K, capacity 8282K, committed 8320K, reserved 1048576K
Event: 12.241 GC heap after
Heap after GC invocations=12 (full 2):
 PSYoungGen      total 209408K, used 16876K [0x00000000d5580000, 0x00000000e4000000, 0x0000000100000000)
  eden space 192512K, 0% used [0x00000000d5580000,0x00000000d5580000,0x00000000e1180000)
  from space 16896K, 99% used [0x00000000e2700000,0x00000000e377b330,0x00000000e3780000)
  to   space 22016K, 0% used [0x00000000e1180000,0x00000000e1180000,0x00000000e2700000)
 ParOldGen       total 107008K, used 31820K [0x0000000080000000, 0x0000000086880000, 0x00000000d5580000)
  object space 107008K, 29% used [0x0000000080000000,0x0000000081f13160,0x0000000086880000)
 Metaspace       used 56991K, capacity 58890K, committed 58968K, reserved 1099776K
  class space    used 7821K, capacity 8282K, committed 8320K, reserved 1048576K
}
Event: 12.241 GC heap before
{Heap before GC invocations=13 (full 3):
 PSYoungGen      total 209408K, used 16876K [0x00000000d5580000, 0x00000000e4000000, 0x0000000100000000)
  eden space 192512K, 0% used [0x00000000d5580000,0x00000000d5580000,0x00000000e1180000)
  from space 16896K, 99% used [0x00000000e2700000,0x00000000e377b330,0x00000000e3780000)
  to   space 22016K, 0% used [0x00000000e1180000,0x00000000e1180000,0x00000000e2700000)
 ParOldGen       total 107008K, used 31820K [0x0000000080000000, 0x0000000086880000, 0x00000000d5580000)
  object space 107008K, 29% used [0x0000000080000000,0x0000000081f13160,0x0000000086880000)
 Metaspace       used 56991K, capacity 58890K, committed 58968K, reserved 1099776K
  class space    used 7821K, capacity 8282K, committed 8320K, reserved 1048576K
Event: 12.496 GC heap after
Heap after GC invocations=13 (full 3):
 PSYoungGen      total 209408K, used 0K [0x00000000d5580000, 0x00000000e4000000, 0x0000000100000000)
  eden space 192512K, 0% used [0x00000000d5580000,0x00000000d5580000,0x00000000e1180000)
  from space 16896K, 0% used [0x00000000e2700000,0x00000000e2700000,0x00000000e3780000)
  to   space 22016K, 0% used [0x00000000e1180000,0x00000000e1180000,0x00000000e2700000)
 ParOldGen       total 169984K, used 37797K [0x0000000080000000, 0x000000008a600000, 0x00000000d5580000)
  object space 169984K, 22% used [0x0000000080000000,0x00000000824e9410,0x000000008a600000)
 Metaspace       used 56976K, capacity 58836K, committed 58968K, reserved 1099776K
  class space    used 7816K, capacity 8273K, committed 8320K, reserved 1048576K
}

Deoptimization events (10 events):
Event: 14.259 Thread 0x0000000019577800 Uncommon trap: reason=class_check action=maybe_recompile pc=0x0000000002773c1c method=com.google.common.io.CountingInputStream.read()I @ 4
Event: 14.259 Thread 0x0000000019577800 Uncommon trap: reason=class_check action=maybe_recompile pc=0x0000000002773c1c method=com.google.common.io.CountingInputStream.read()I @ 4
Event: 14.259 Thread 0x0000000019577800 Uncommon trap: reason=class_check action=maybe_recompile pc=0x00000000026bd4dc method=com.google.common.io.CountingInputStream.read([BII)I @ 7
Event: 14.259 Thread 0x0000000019577800 Uncommon trap: reason=class_check action=maybe_recompile pc=0x00000000026bd4dc method=com.google.common.io.CountingInputStream.read([BII)I @ 7
Event: 14.260 Thread 0x0000000019577800 Uncommon trap: reason=class_check action=maybe_recompile pc=0x00000000026bd4dc method=com.google.common.io.CountingInputStream.read([BII)I @ 7
Event: 14.359 Thread 0x0000000019577800 Uncommon trap: reason=unstable_if action=reinterpret pc=0x0000000003811bd8 method=org.gradle.api.internal.attributes.DefaultImmutableAttributes.equals(Ljava/lang/Object;)Z @ 2
Event: 14.653 Thread 0x0000000019577800 Uncommon trap: reason=speculate_class_check action=maybe_recompile pc=0x0000000003083128 method=com.google.common.collect.AbstractIndexedListIterator.next()Ljava/lang/Object; @ 27
Event: 14.654 Thread 0x0000000019577800 Uncommon trap: reason=speculate_class_check action=maybe_recompile pc=0x0000000003083128 method=com.google.common.collect.AbstractIndexedListIterator.next()Ljava/lang/Object; @ 27
Event: 14.654 Thread 0x0000000019577800 Uncommon trap: reason=speculate_class_check action=maybe_recompile pc=0x0000000003083128 method=com.google.common.collect.AbstractIndexedListIterator.next()Ljava/lang/Object; @ 27
Event: 14.654 Thread 0x0000000019577800 Uncommon trap: reason=speculate_class_check action=maybe_recompile pc=0x0000000003083128 method=com.google.common.collect.AbstractIndexedListIterator.next()Ljava/lang/Object; @ 27

Classes redefined (0 events):
No events

Internal exceptions (10 events):
Event: 14.446 Thread 0x0000000019577800 Exception <a 'java/lang/ClassNotFoundException': com/android/build/gradle/tasks/MergeResources_DecoratedBeanInfo> (0x00000000da641188) thrown at [C:\src\AOSP-openjdk-git\hotspot\src\share\vm\classfile\systemDictionary.cpp, line 210]
Event: 14.447 Thread 0x0000000019577800 Exception <a 'java/lang/ClassNotFoundException': com/android/build/gradle/tasks/MergeResourcesBeanInfo> (0x00000000da65c3a0) thrown at [C:\src\AOSP-openjdk-git\hotspot\src\share\vm\classfile\systemDictionary.cpp, line 210]
Event: 14.448 Thread 0x0000000019577800 Exception <a 'java/lang/ClassNotFoundException': com/android/build/gradle/tasks/ResourceAwareTaskBeanInfo> (0x00000000da678110) thrown at [C:\src\AOSP-openjdk-git\hotspot\src\share\vm\classfile\systemDictionary.cpp, line 210]
Event: 14.449 Thread 0x0000000019577800 Exception <a 'java/lang/ClassNotFoundException': com/android/build/gradle/internal/tasks/IncrementalTaskBeanInfo> (0x00000000da695db8) thrown at [C:\src\AOSP-openjdk-git\hotspot\src\share\vm\classfile\systemDictionary.cpp, line 210]
Event: 14.449 Thread 0x0000000019577800 Exception <a 'java/lang/ClassNotFoundException': com/android/build/gradle/internal/tasks/AndroidVariantTaskBeanInfo> (0x00000000da6b44b8) thrown at [C:\src\AOSP-openjdk-git\hotspot\src\share\vm\classfile\systemDictionary.cpp, line 210]
Event: 14.450 Thread 0x0000000019577800 Exception <a 'java/lang/ClassNotFoundException': com/android/build/gradle/internal/tasks/AndroidVariantTaskCustomizer> (0x00000000da6d3b18) thrown at [C:\src\AOSP-openjdk-git\hotspot\src\share\vm\classfile\systemDictionary.cpp, line 210]
Event: 14.451 Thread 0x0000000019577800 Exception <a 'java/lang/ClassNotFoundException': com/android/build/gradle/internal/tasks/IncrementalTaskCustomizer> (0x00000000da70a610) thrown at [C:\src\AOSP-openjdk-git\hotspot\src\share\vm\classfile\systemDictionary.cpp, line 210]
Event: 14.452 Thread 0x0000000019577800 Exception <a 'java/lang/ClassNotFoundException': com/android/build/gradle/tasks/ResourceAwareTaskCustomizer> (0x00000000da73bee8) thrown at [C:\src\AOSP-openjdk-git\hotspot\src\share\vm\classfile\systemDictionary.cpp, line 210]
Event: 14.453 Thread 0x0000000019577800 Exception <a 'java/lang/ClassNotFoundException': com/android/build/gradle/tasks/MergeResourcesCustomizer> (0x00000000da778a80) thrown at [C:\src\AOSP-openjdk-git\hotspot\src\share\vm\classfile\systemDictionary.cpp, line 210]
Event: 14.455 Thread 0x0000000019577800 Exception <a 'java/lang/ClassNotFoundException': com/android/build/gradle/tasks/MergeResources_DecoratedCustomizer> (0x00000000da7d7300) thrown at [C:\src\AOSP-openjdk-git\hotspot\src\share\vm\classfile\systemDictionary.cpp, line 210]

Events (10 events):
Event: 14.693 loading class org/gradle/api/internal/artifacts/transform/TransformationNode$InitialTransformationNode$1
Event: 14.693 loading class org/gradle/api/internal/artifacts/transform/TransformationNode$InitialTransformationNode$1 done
Event: 14.693 loading class org/gradle/api/internal/artifacts/transform/TransformationNode$ArtifactTransformationStepBuildOperation
Event: 14.693 loading class org/gradle/api/internal/artifacts/transform/TransformationNode$ArtifactTransformationStepBuildOperation done
Event: 14.694 loading class org/gradle/api/internal/artifacts/transform/ExecuteScheduledTransformationStepBuildOperationDetails
Event: 14.694 loading class org/gradle/api/internal/artifacts/transform/ExecuteScheduledTransformationStepBuildOperationDetails done
Event: 14.695 loading class org/gradle/api/internal/artifacts/transform/ExecuteScheduledTransformationStepBuildOperationType$Details
Event: 14.695 loading class org/gradle/api/internal/artifacts/transform/ExecuteScheduledTransformationStepBuildOperationType$Details done
Event: 14.695 loading class org/gradle/internal/operations/OperationProgressEvent
Event: 14.695 loading class org/gradle/internal/operations/OperationProgressEvent done


Dynamic libraries:
0x00007ff72efa0000 - 0x00007ff72efd1000 	C:\Program Files\Android\Android Studio\jre\bin\java.exe
0x00007ffcd4000000 - 0x00007ffcd41f0000 	C:\WINDOWS\SYSTEM32\ntdll.dll
0x00007ffcd38b0000 - 0x00007ffcd3962000 	C:\WINDOWS\System32\KERNEL32.DLL
0x00007ffcd1780000 - 0x00007ffcd1a25000 	C:\WINDOWS\System32\KERNELBASE.dll
0x00007ffcd32a0000 - 0x00007ffcd3343000 	C:\WINDOWS\System32\ADVAPI32.dll
0x00007ffcd27f0000 - 0x00007ffcd288e000 	C:\WINDOWS\System32\msvcrt.dll
0x00007ffcd20c0000 - 0x00007ffcd2157000 	C:\WINDOWS\System32\sechost.dll
0x00007ffcd3350000 - 0x00007ffcd346f000 	C:\WINDOWS\System32\RPCRT4.dll
0x00007ffcd2890000 - 0x00007ffcd2a24000 	C:\WINDOWS\System32\USER32.dll
0x00007ffcd2030000 - 0x00007ffcd2051000 	C:\WINDOWS\System32\win32u.dll
0x00007ffcd3250000 - 0x00007ffcd3276000 	C:\WINDOWS\System32\GDI32.dll
0x00007ffcd1dc0000 - 0x00007ffcd1f58000 	C:\WINDOWS\System32\gdi32full.dll
0x00007ffcd1a60000 - 0x00007ffcd1afe000 	C:\WINDOWS\System32\msvcp_win.dll
0x00007ffcd1c60000 - 0x00007ffcd1d5a000 	C:\WINDOWS\System32\ucrtbase.dll
0x00007ffcc1230000 - 0x00007ffcc14b4000 	C:\WINDOWS\WinSxS\amd64_microsoft.windows.common-controls_6595b64144ccf1df_6.0.18362.1440_none_9e7dbfb9e45e8e67\COMCTL32.dll
0x00007ffcd2440000 - 0x00007ffcd2776000 	C:\WINDOWS\System32\combase.dll
0x00007ffcd0f70000 - 0x00007ffcd0ff1000 	C:\WINDOWS\System32\bcryptPrimitives.dll
0x00007ffcd3620000 - 0x00007ffcd364e000 	C:\WINDOWS\System32\IMM32.DLL
0x0000000077f20000 - 0x0000000077ff2000 	C:\Program Files\Android\Android Studio\jre\jre\bin\msvcr100.dll
0x0000000075f80000 - 0x00000000767cb000 	C:\Program Files\Android\Android Studio\jre\jre\bin\server\jvm.dll
0x00007ffcd3f40000 - 0x00007ffcd3f48000 	C:\WINDOWS\System32\PSAPI.DLL
0x00007ffcbe550000 - 0x00007ffcbe559000 	C:\WINDOWS\SYSTEM32\WSOCK32.dll
0x00007ffcc9b60000 - 0x00007ffcc9b6a000 	C:\WINDOWS\SYSTEM32\VERSION.dll
0x00007ffccea90000 - 0x00007ffcceab4000 	C:\WINDOWS\SYSTEM32\WINMM.dll
0x00007ffcd3470000 - 0x00007ffcd34df000 	C:\WINDOWS\System32\WS2_32.dll
0x00007ffcce610000 - 0x00007ffcce63d000 	C:\WINDOWS\SYSTEM32\winmmbase.dll
0x00007ffcd2060000 - 0x00007ffcd20aa000 	C:\WINDOWS\System32\cfgmgr32.dll
0x00007ffccd350000 - 0x00007ffccd35f000 	C:\Program Files\Android\Android Studio\jre\jre\bin\verify.dll
0x00007ffcb4420000 - 0x00007ffcb4449000 	C:\Program Files\Android\Android Studio\jre\jre\bin\java.dll
0x00007ffcc2880000 - 0x00007ffcc2896000 	C:\Program Files\Android\Android Studio\jre\jre\bin\zip.dll
0x00007ffcd2a90000 - 0x00007ffcd3178000 	C:\WINDOWS\System32\SHELL32.dll
0x00007ffcd3730000 - 0x00007ffcd37d7000 	C:\WINDOWS\System32\shcore.dll
0x00007ffcd1000000 - 0x00007ffcd177b000 	C:\WINDOWS\System32\windows.storage.dll
0x00007ffcd0ec0000 - 0x00007ffcd0ede000 	C:\WINDOWS\System32\profapi.dll
0x00007ffcd0f20000 - 0x00007ffcd0f6a000 	C:\WINDOWS\System32\powrprof.dll
0x00007ffcd0eb0000 - 0x00007ffcd0ec0000 	C:\WINDOWS\System32\UMPDC.dll
0x00007ffcd2a30000 - 0x00007ffcd2a82000 	C:\WINDOWS\System32\shlwapi.dll
0x00007ffcd0f00000 - 0x00007ffcd0f11000 	C:\WINDOWS\System32\kernel.appcore.dll
0x00007ffcd2010000 - 0x00007ffcd2027000 	C:\WINDOWS\System32\cryptsp.dll
0x00007ffcc2160000 - 0x00007ffcc217a000 	C:\Program Files\Android\Android Studio\jre\jre\bin\net.dll
0x00007ffcd0690000 - 0x00007ffcd06f7000 	C:\WINDOWS\system32\mswsock.dll
0x00007ffcbc2e0000 - 0x00007ffcbc2f3000 	C:\Program Files\Android\Android Studio\jre\jre\bin\nio.dll
0x00007ffcb44f0000 - 0x00007ffcb4516000 	C:\Users\Zeynep\.gradle\native\31\windows-amd64\native-platform.dll
0x00007ffcca4a0000 - 0x00007ffcca4ad000 	C:\Program Files\Android\Android Studio\jre\jre\bin\management.dll
0x00007ffcd0210000 - 0x00007ffcd0243000 	C:\WINDOWS\system32\rsaenh.dll
0x00007ffcd1a30000 - 0x00007ffcd1a56000 	C:\WINDOWS\System32\bcrypt.dll
0x00007ffcd0d90000 - 0x00007ffcd0db5000 	C:\WINDOWS\SYSTEM32\USERENV.dll
0x00007ffcd0860000 - 0x00007ffcd086c000 	C:\WINDOWS\SYSTEM32\CRYPTBASE.dll
0x00007ffcd03a0000 - 0x00007ffcd03da000 	C:\WINDOWS\SYSTEM32\IPHLPAPI.DLL
0x00007ffcd20b0000 - 0x00007ffcd20b8000 	C:\WINDOWS\System32\NSI.dll
0x00007ffcc68b0000 - 0x00007ffcc68c6000 	C:\WINDOWS\SYSTEM32\dhcpcsvc6.DLL
0x00007ffcc7ff0000 - 0x00007ffcc800c000 	C:\WINDOWS\SYSTEM32\dhcpcsvc.DLL
0x00007ffcd03e0000 - 0x00007ffcd04ab000 	C:\WINDOWS\SYSTEM32\DNSAPI.dll
0x00007ffcbc2b0000 - 0x00007ffcbc2d4000 	C:\Program Files\Android\Android Studio\jre\jre\bin\sunec.dll
0x00000000500c0000 - 0x00000000500f5000 	C:\Program Files\Bonjour\mdnsNSP.dll
0x00007ffcc2140000 - 0x00007ffcc214a000 	C:\Windows\System32\rasadhlp.dll
0x00007ffcc42b0000 - 0x00007ffcc4327000 	C:\WINDOWS\System32\fwpuclnt.dll
0x00007ffcc27d0000 - 0x00007ffcc27db000 	C:\Program Files\Android\Android Studio\jre\jre\bin\sunmscapi.dll
0x00007ffcd1b00000 - 0x00007ffcd1c51000 	C:\WINDOWS\System32\CRYPT32.dll
0x00007ffcd0ee0000 - 0x00007ffcd0ef2000 	C:\WINDOWS\System32\MSASN1.dll

VM Arguments:
jvm_args: -Xmx2048m -Dfile.encoding=windows-1254 -Duser.country=TR -Duser.language=tr -Duser.variant 
java_command: org.gradle.launcher.daemon.bootstrap.GradleDaemon 6.1.1
java_class_path (initial): C:\Users\Zeynep\.gradle\wrapper\dists\gradle-6.1.1-all\cfmwm155h49vnt3hynmlrsdst\gradle-6.1.1\lib\gradle-launcher-6.1.1.jar
Launcher Type: SUN_STANDARD

Environment Variables:
JAVA_HOME=C:\Program Files\Java\jdk-12.0.2
PATH=C:\Program Files (x86)\Common Files\Oracle\Java\javapath;C:\WINDOWS\system32;C:\WINDOWS;C:\WINDOWS\System32\Wbem;C:\WINDOWS\System32\WindowsPowerShell\v1.0\;C:\WINDOWS\System32\OpenSSH\;C:\Program Files\Intel\WiFi\bin\;C:\Program Files\Common Files\Intel\WirelessCommon\;C:\Program Files\MATLAB\R2016a\runtime\win64;C:\Program Files\MATLAB\R2016a\bin;C:\Program Files\MATLAB\R2016a\polyspace\bin;C:\Program Files\nodejs\;C:\xampp\php;C:\ProgramData\ComposerSetup\bin;C:\wamp64\bin\php\php5.6.40;C:\Program Files\Git\cmd;C:\Users\Zeynep\AppData\Local\Microsoft\WindowsApps;C:\Users\Zeynep\AppData\Local\Microsoft\WindowsApps;C:\Users\Zeynep\AppData\Roaming\npm;C:\Users\Zeynep\AppData\Local\Android\Sdk\platform-tools;C:\Users\Zeynep\AppData\Roaming\Composer\vendor\bin;C:\wamp64\www\PhpStorm 2020.2.3\bin;C:\Users\Zeynep\AppData\Local\GitHubDesktop\bin
USERNAME=Zeynep
OS=Windows_NT
PROCESSOR_IDENTIFIER=Intel64 Family 6 Model 142 Stepping 9, GenuineIntel



---------------  S Y S T E M  ---------------

OS: Windows 10.0 , 64 bit Build 18362 (10.0.18362.1350)

CPU:total 4 (initial active 4) (2 cores per cpu, 2 threads per core) family 6 model 142 stepping 9, cmov, cx8, fxsr, mmx, sse, sse2, sse3, ssse3, sse4.1, sse4.2, popcnt, avx, avx2, aes, clmul, erms, 3dnowpref, lzcnt, ht, tsc, tscinvbit, bmi1, bmi2, adx

Memory: 4k page, physical 12466956k(1679116k free), swap 22523676k(6320k free)

vm_info: OpenJDK 64-Bit Server VM (25.242-b01) for windows-amd64 JRE (1.8.0_242-release-1644-b01), built by "builder" with MS VC++ 10.0 (VS2010)

time: Tue May 11 12:35:18 2021
timezone: Türkiye Standart Saati
elapsed time: 14 seconds (0d 0h 0m 14s)

