#
# There is insufficient memory for the Java Runtime Environment to continue.
# Native memory allocation (malloc) failed to allocate 421616 bytes for Chunk::new
# Possible reasons:
#   The system is out of physical RAM or swap space
#   The process is running with CompressedOops enabled, and the Java Heap may be blocking the growth of the native heap
# Possible solutions:
#   Reduce memory load on the system
#   Increase physical memory or swap space
#   Check if swap backing store is full
#   Decrease Java heap size (-Xmx/-Xms)
#   Decrease number of Java threads
#   Decrease Java thread stack sizes (-Xss)
#   Set larger code cache with -XX:ReservedCodeCacheSize=
#   JVM is running with Unscaled Compressed Oops mode in which the Java heap is
#     placed in the first 4GB address space. The Java Heap base address is the
#     maximum limit for the native heap growth. Please use -XX:HeapBaseMinAddress
#     to set the Java Heap base and to place the Java Heap above 4GB virtual address.
# This output file may be truncated or incomplete.
#
#  Out of Memory Error (allocation.cpp:389), pid=20760, tid=0x0000000000004d1c
#
# JRE version: OpenJDK Runtime Environment (8.0_242-b01) (build 1.8.0_242-release-1644-b01)
# Java VM: OpenJDK 64-Bit Server VM (25.242-b01 mixed mode windows-amd64 compressed oops)
# Failed to write core dump. Minidumps are not enabled by default on client versions of Windows
#

---------------  T H R E A D  ---------------

Current thread (0x00000000178bb800):  JavaThread "C2 CompilerThread1" daemon [_thread_in_native, id=19740, stack(0x0000000018f20000,0x0000000019020000)]

Stack: [0x0000000018f20000,0x0000000019020000]
[error occurred during error reporting (printing stack bounds), id 0xc0000005]

Native frames: (J=compiled Java code, j=interpreted, Vv=VM code, C=native code)


Current CompileTask:
C2:  18972 9640   !   4       java.io.ObjectOutputStream::writeObject0 (619 bytes)


---------------  P R O C E S S  ---------------

Java Threads: ( => current thread )
  0x000000001e11f800 JavaThread "Cache worker for file content cache (C:\Users\Zeynep\.gradle\caches\6.1.1\fileContent)" [_thread_blocked, id=4308, stack(0x0000000024250000,0x0000000024350000)]
  0x000000001e125800 JavaThread "Memory manager" [_thread_blocked, id=17660, stack(0x00000000243b0000,0x00000000244b0000)]
  0x000000001ab43800 JavaThread "pool-1-thread-1" [_thread_blocked, id=20956, stack(0x0000000022040000,0x0000000022140000)]
  0x000000001b3e3000 JavaThread "Cache worker for execution history cache (C:\Users\Zeynep\.gradle\caches\6.1.1\executionHistory)" [_thread_blocked, id=19584, stack(0x0000000021140000,0x0000000021240000)]
  0x000000001b3e8800 JavaThread "Cache worker for file hash cache (C:\Users\Zeynep\.gradle\caches\6.1.1\fileHashes)" [_thread_blocked, id=8436, stack(0x000000001d560000,0x000000001d660000)]
  0x000000001b3e7800 JavaThread "File lock request listener" [_thread_in_native, id=20884, stack(0x000000001d460000,0x000000001d560000)]
  0x000000001b517800 JavaThread "Cache worker for journal cache (C:\Users\Zeynep\.gradle\caches\journal-1)" [_thread_blocked, id=14452, stack(0x000000001d360000,0x000000001d460000)]
  0x00000000197ff800 JavaThread "Asynchronous log dispatcher for DefaultDaemonConnection: socket connection from /127.0.0.1:57151 to /127.0.0.1:57152" [_thread_blocked, id=17268, stack(0x000000001ce60000,0x000000001cf60000)]
  0x000000001b365800 JavaThread "Daemon worker" [_thread_blocked, id=9940, stack(0x000000001cd60000,0x000000001ce60000)]
  0x00000000191eb800 JavaThread "Cancel handler" [_thread_blocked, id=17140, stack(0x000000001cc60000,0x000000001cd60000)]
  0x000000001b341800 JavaThread "Handler for socket connection from /127.0.0.1:57151 to /127.0.0.1:57152" [_thread_in_native, id=19384, stack(0x000000001c960000,0x000000001ca60000)]
  0x000000001b2e2000 JavaThread "Daemon" [_thread_blocked, id=21560, stack(0x000000001c860000,0x000000001c960000)]
  0x000000001b2cd800 JavaThread "Daemon periodic checks" [_thread_blocked, id=12800, stack(0x000000001c760000,0x000000001c860000)]
  0x000000001b2b3000 JavaThread "Incoming local TCP Connector on port 57151" [_thread_in_native, id=16664, stack(0x000000001c520000,0x000000001c620000)]
  0x000000001b201000 JavaThread "Daemon health stats" [_thread_blocked, id=20372, stack(0x000000001bec0000,0x000000001bfc0000)]
  0x000000001915a800 JavaThread "Service Thread" daemon [_thread_blocked, id=16852, stack(0x0000000019520000,0x0000000019620000)]
  0x00000000178cd000 JavaThread "C1 CompilerThread2" daemon [_thread_blocked, id=8972, stack(0x0000000019020000,0x0000000019120000)]
=>0x00000000178bb800 JavaThread "C2 CompilerThread1" daemon [_thread_in_native, id=19740, stack(0x0000000018f20000,0x0000000019020000)]
  0x00000000178b7000 JavaThread "C2 CompilerThread0" daemon [_thread_blocked, id=3828, stack(0x0000000018e20000,0x0000000018f20000)]
  0x00000000178b5800 JavaThread "Attach Listener" daemon [_thread_blocked, id=21708, stack(0x0000000018d20000,0x0000000018e20000)]
  0x00000000178b4800 JavaThread "Signal Dispatcher" daemon [_thread_blocked, id=10784, stack(0x0000000018c20000,0x0000000018d20000)]
  0x0000000002b8c800 JavaThread "Finalizer" daemon [_thread_blocked, id=21164, stack(0x0000000018b20000,0x0000000018c20000)]
  0x0000000002b81000 JavaThread "Reference Handler" daemon [_thread_blocked, id=1028, stack(0x0000000018a20000,0x0000000018b20000)]
  0x0000000002c8e800 JavaThread "main" [_thread_blocked, id=1712, stack(0x0000000002950000,0x0000000002a50000)]

Other Threads:
  0x0000000017876800 VMThread [stack: 0x0000000018920000,0x0000000018a20000] [id=19100]
  0x000000001915b000 WatcherThread [stack: 0x0000000019620000,0x0000000019720000] [id=22448]

VM state:at safepoint (normal execution)

VM Mutex/Monitor currently owned by a thread:  ([mutex/lock_event])
[0x0000000002c8d140] Threads_lock - owner thread: 0x0000000017876800
[0x0000000002c8cf40] Heap_lock - owner thread: 0x000000001ab43800

heap address: 0x0000000080000000, size: 2048 MB, Compressed Oops mode: 32-bit
Narrow klass base: 0x0000000000000000, Narrow klass shift: 3
Compressed class space size: 1073741824 Address: 0x0000000100000000

Heap:
 PSYoungGen      total 285696K, used 80145K [0x00000000d5580000, 0x00000000ed600000, 0x0000000100000000)
  eden space 260096K, 24% used [0x00000000d5580000,0x00000000d94e1830,0x00000000e5380000)
  from space 25600K, 59% used [0x00000000e5380000,0x00000000e6262fb8,0x00000000e6c80000)
  to   space 25600K, 1% used [0x00000000ebd00000,0x00000000ebd50000,0x00000000ed600000)
 ParOldGen       total 153600K, used 49977K [0x0000000080000000, 0x0000000089600000, 0x00000000d5580000)
  object space 153600K, 32% used [0x0000000080000000,0x00000000830d26c8,0x0000000089600000)
 Metaspace       used 72348K, capacity 75504K, committed 75560K, reserved 1118208K
  class space    used 9876K, capacity 10515K, committed 10544K, reserved 1048576K

Card table byte_map: [0x0000000012050000,0x0000000012460000] byte_map_base: 0x0000000011c50000

Marking Bits: (ParMarkBitMap*) 0x000000007674f030
 Begin Bits: [0x0000000012b10000, 0x0000000014b10000)
 End Bits:   [0x0000000014b10000, 0x0000000016b10000)

Polling page: 0x0000000001160000

CodeCache: size=245760Kb used=26346Kb max_used=26746Kb free=219413Kb
 bounds [0x0000000002c90000, 0x00000000046d0000, 0x0000000011c90000]
 total_blobs=9080 nmethods=8237 adapters=753
 compilation: enabled

Compilation events (10 events):
Event: 18.952 Thread 0x00000000178cd000 nmethod 9674 0x000000000316a890 code [0x000000000316a9e0, 0x000000000316ab30]
Event: 18.953 Thread 0x00000000178cd000 9675  s!   3       org.gradle.internal.concurrent.CompositeStoppable::stop (123 bytes)
Event: 18.955 Thread 0x00000000178cd000 nmethod 9675 0x00000000046c6d10 code [0x00000000046c70c0, 0x00000000046c91f8]
Event: 18.956 Thread 0x00000000178cd000 9676       3       org.gradle.internal.concurrent.CompositeStoppable::add (34 bytes)
Event: 18.956 Thread 0x00000000178cd000 nmethod 9676 0x0000000002f112d0 code [0x0000000002f114a0, 0x0000000002f11bc8]
Event: 18.957 Thread 0x00000000178b7000 nmethod 9668 0x0000000003f9a090 code [0x0000000003f9a220, 0x0000000003f9aaf8]
Event: 18.957 Thread 0x00000000178b7000 9673       4       java.util.concurrent.locks.ReentrantLock::lock (8 bytes)
Event: 18.963 Thread 0x00000000178b7000 nmethod 9673 0x00000000040fd350 code [0x00000000040fd4e0, 0x00000000040fd7f0]
Event: 18.964 Thread 0x00000000178b7000 9677       4       java.util.Arrays::asList (9 bytes)
Event: 18.965 Thread 0x00000000178b7000 nmethod 9677 0x0000000004185850 code [0x00000000041859a0, 0x0000000004185a78]

GC Heap History (10 events):
Event: 10.886 GC heap before
{Heap before GC invocations=12 (full 2):
 PSYoungGen      total 168448K, used 168434K [0x00000000d5580000, 0x00000000e3580000, 0x0000000100000000)
  eden space 156160K, 100% used [0x00000000d5580000,0x00000000dee00000,0x00000000dee00000)
  from space 12288K, 99% used [0x00000000dee00000,0x00000000df9fc8e8,0x00000000dfa00000)
  to   space 16896K, 0% used [0x00000000e2500000,0x00000000e2500000,0x00000000e3580000)
 ParOldGen       total 107008K, used 22914K [0x0000000080000000, 0x0000000086880000, 0x00000000d5580000)
  object space 107008K, 21% used [0x0000000080000000,0x0000000081660968,0x0000000086880000)
 Metaspace       used 56825K, capacity 58820K, committed 59048K, reserved 1099776K
  class space    used 7793K, capacity 8271K, committed 8368K, reserved 1048576K
Event: 10.924 GC heap after
Heap after GC invocations=12 (full 2):
 PSYoungGen      total 206848K, used 16892K [0x00000000d5580000, 0x00000000e3e80000, 0x0000000100000000)
  eden space 189952K, 0% used [0x00000000d5580000,0x00000000d5580000,0x00000000e0f00000)
  from space 16896K, 99% used [0x00000000e2500000,0x00000000e357f320,0x00000000e3580000)
  to   space 22528K, 0% used [0x00000000e0f00000,0x00000000e0f00000,0x00000000e2500000)
 ParOldGen       total 107008K, used 31927K [0x0000000080000000, 0x0000000086880000, 0x00000000d5580000)
  object space 107008K, 29% used [0x0000000080000000,0x0000000081f2dcb0,0x0000000086880000)
 Metaspace       used 56825K, capacity 58820K, committed 59048K, reserved 1099776K
  class space    used 7793K, capacity 8271K, committed 8368K, reserved 1048576K
}
Event: 10.994 GC heap before
{Heap before GC invocations=13 (full 2):
 PSYoungGen      total 206848K, used 20599K [0x00000000d5580000, 0x00000000e3e80000, 0x0000000100000000)
  eden space 189952K, 1% used [0x00000000d5580000,0x00000000d591ecc8,0x00000000e0f00000)
  from space 16896K, 99% used [0x00000000e2500000,0x00000000e357f320,0x00000000e3580000)
  to   space 22528K, 0% used [0x00000000e0f00000,0x00000000e0f00000,0x00000000e2500000)
 ParOldGen       total 107008K, used 31927K [0x0000000080000000, 0x0000000086880000, 0x00000000d5580000)
  object space 107008K, 29% used [0x0000000080000000,0x0000000081f2dcb0,0x0000000086880000)
 Metaspace       used 57073K, capacity 59104K, committed 59160K, reserved 1099776K
  class space    used 7828K, capacity 8313K, committed 8368K, reserved 1048576K
Event: 11.019 GC heap after
Heap after GC invocations=13 (full 2):
 PSYoungGen      total 212480K, used 480K [0x00000000d5580000, 0x00000000e8880000, 0x0000000100000000)
  eden space 189952K, 0% used [0x00000000d5580000,0x00000000d5580000,0x00000000e0f00000)
  from space 22528K, 2% used [0x00000000e0f00000,0x00000000e0f78010,0x00000000e2500000)
  to   space 23040K, 0% used [0x00000000e7200000,0x00000000e7200000,0x00000000e8880000)
 ParOldGen       total 107008K, used 48758K [0x0000000080000000, 0x0000000086880000, 0x00000000d5580000)
  object space 107008K, 45% used [0x0000000080000000,0x0000000082f9db28,0x0000000086880000)
 Metaspace       used 57073K, capacity 59104K, committed 59160K, reserved 1099776K
  class space    used 7828K, capacity 8313K, committed 8368K, reserved 1048576K
}
Event: 11.019 GC heap before
{Heap before GC invocations=14 (full 3):
 PSYoungGen      total 212480K, used 480K [0x00000000d5580000, 0x00000000e8880000, 0x0000000100000000)
  eden space 189952K, 0% used [0x00000000d5580000,0x00000000d5580000,0x00000000e0f00000)
  from space 22528K, 2% used [0x00000000e0f00000,0x00000000e0f78010,0x00000000e2500000)
  to   space 23040K, 0% used [0x00000000e7200000,0x00000000e7200000,0x00000000e8880000)
 ParOldGen       total 107008K, used 48758K [0x0000000080000000, 0x0000000086880000, 0x00000000d5580000)
  object space 107008K, 45% used [0x0000000080000000,0x0000000082f9db28,0x0000000086880000)
 Metaspace       used 57073K, capacity 59104K, committed 59160K, reserved 1099776K
  class space    used 7828K, capacity 8313K, committed 8368K, reserved 1048576K
Event: 11.303 GC heap after
Heap after GC invocations=14 (full 3):
 PSYoungGen      total 212480K, used 0K [0x00000000d5580000, 0x00000000e8880000, 0x0000000100000000)
  eden space 189952K, 0% used [0x00000000d5580000,0x00000000d5580000,0x00000000e0f00000)
  from space 22528K, 0% used [0x00000000e0f00000,0x00000000e0f00000,0x00000000e2500000)
  to   space 23040K, 0% used [0x00000000e7200000,0x00000000e7200000,0x00000000e8880000)
 ParOldGen       total 153600K, used 32445K [0x0000000080000000, 0x0000000089600000, 0x00000000d5580000)
  object space 153600K, 21% used [0x0000000080000000,0x0000000081faf600,0x0000000089600000)
 Metaspace       used 57060K, capacity 59062K, committed 59160K, reserved 1099776K
  class space    used 7824K, capacity 8306K, committed 8368K, reserved 1048576K
}
Event: 14.882 GC heap before
{Heap before GC invocations=15 (full 3):
 PSYoungGen      total 212480K, used 189952K [0x00000000d5580000, 0x00000000e8880000, 0x0000000100000000)
  eden space 189952K, 100% used [0x00000000d5580000,0x00000000e0f00000,0x00000000e0f00000)
  from space 22528K, 0% used [0x00000000e0f00000,0x00000000e0f00000,0x00000000e2500000)
  to   space 23040K, 0% used [0x00000000e7200000,0x00000000e7200000,0x00000000e8880000)
 ParOldGen       total 153600K, used 32445K [0x0000000080000000, 0x0000000089600000, 0x00000000d5580000)
  object space 153600K, 21% used [0x0000000080000000,0x0000000081faf600,0x0000000089600000)
 Metaspace       used 64799K, capacity 67516K, committed 67624K, reserved 1107968K
  class space    used 8839K, capacity 9421K, committed 9520K, reserved 1048576K
Event: 14.914 GC heap after
Heap after GC invocations=15 (full 3):
 PSYoungGen      total 278016K, used 19908K [0x00000000d5580000, 0x00000000e8580000, 0x0000000100000000)
  eden space 258048K, 0% used [0x00000000d5580000,0x00000000d5580000,0x00000000e5180000)
  from space 19968K, 99% used [0x00000000e7200000,0x00000000e85711d8,0x00000000e8580000)
  to   space 25600K, 0% used [0x00000000e5380000,0x00000000e5380000,0x00000000e6c80000)
 ParOldGen       total 153600K, used 32453K [0x0000000080000000, 0x0000000089600000, 0x00000000d5580000)
  object space 153600K, 21% used [0x0000000080000000,0x0000000081fb1600,0x0000000089600000)
 Metaspace       used 64799K, capacity 67516K, committed 67624K, reserved 1107968K
  class space    used 8839K, capacity 9421K, committed 9520K, reserved 1048576K
}
Event: 18.146 GC heap before
{Heap before GC invocations=16 (full 3):
 PSYoungGen      total 278016K, used 277956K [0x00000000d5580000, 0x00000000e8580000, 0x0000000100000000)
  eden space 258048K, 100% used [0x00000000d5580000,0x00000000e5180000,0x00000000e5180000)
  from space 19968K, 99% used [0x00000000e7200000,0x00000000e85711d8,0x00000000e8580000)
  to   space 25600K, 0% used [0x00000000e5380000,0x00000000e5380000,0x00000000e6c80000)
 ParOldGen       total 153600K, used 32453K [0x0000000080000000, 0x0000000089600000, 0x00000000d5580000)
  object space 153600K, 21% used [0x0000000080000000,0x0000000081fb1600,0x0000000089600000)
 Metaspace       used 69148K, capacity 72296K, committed 72360K, reserved 1112064K
  class space    used 9502K, capacity 10149K, committed 10160K, reserved 1048576K
Event: 18.204 GC heap after
Heap after GC invocations=16 (full 3):
 PSYoungGen      total 285696K, used 15243K [0x00000000d5580000, 0x00000000ed600000, 0x0000000100000000)
  eden space 260096K, 0% used [0x00000000d5580000,0x00000000d5580000,0x00000000e5380000)
  from space 25600K, 59% used [0x00000000e5380000,0x00000000e6262fb8,0x00000000e6c80000)
  to   space 25600K, 0% used [0x00000000ebd00000,0x00000000ebd00000,0x00000000ed600000)
 ParOldGen       total 153600K, used 47705K [0x0000000080000000, 0x0000000089600000, 0x00000000d5580000)
  object space 153600K, 31% used [0x0000000080000000,0x0000000082e966a8,0x0000000089600000)
 Metaspace       used 69148K, capacity 72296K, committed 72360K, reserved 1112064K
  class space    used 9502K, capacity 10149K, committed 10160K, reserved 1048576K
}

Deoptimization events (10 events):
Event: 18.925 Thread 0x000000001e11e800 Uncommon trap: reason=class_check action=maybe_recompile pc=0x0000000003971c34 method=java.util.concurrent.locks.ReentrantLock.lock()V @ 4
Event: 18.926 Thread 0x000000001b365800 Uncommon trap: reason=class_check action=maybe_recompile pc=0x00000000041888ec method=java.util.HashMap.removeNode(ILjava/lang/Object;Ljava/lang/Object;ZZ)Ljava/util/HashMap$Node; @ 143
Event: 18.927 Thread 0x000000001ab47000 Uncommon trap: reason=class_check action=maybe_recompile pc=0x0000000003971c34 method=java.util.concurrent.locks.ReentrantLock.lock()V @ 4
Event: 18.929 Thread 0x000000001b365800 Uncommon trap: reason=class_check action=maybe_recompile pc=0x0000000004188878 method=java.util.HashMap.removeNode(ILjava/lang/Object;Ljava/lang/Object;ZZ)Ljava/util/HashMap$Node; @ 68
Event: 18.929 Thread 0x000000001e121000 Uncommon trap: reason=class_check action=maybe_recompile pc=0x0000000003971c34 method=java.util.concurrent.locks.ReentrantLock.lock()V @ 4
Event: 18.932 Thread 0x000000001b365800 Uncommon trap: reason=class_check action=maybe_recompile pc=0x0000000004188878 method=java.util.HashMap.removeNode(ILjava/lang/Object;Ljava/lang/Object;ZZ)Ljava/util/HashMap$Node; @ 68
Event: 18.932 Thread 0x000000001b3e9000 Uncommon trap: reason=class_check action=maybe_recompile pc=0x0000000003971c34 method=java.util.concurrent.locks.ReentrantLock.lock()V @ 4
Event: 18.933 Thread 0x000000001b365800 Uncommon trap: reason=class_check action=maybe_recompile pc=0x0000000004348ac8 method=java.util.HashMap.removeNode(ILjava/lang/Object;Ljava/lang/Object;ZZ)Ljava/util/HashMap$Node; @ 68
Event: 18.941 Thread 0x000000001b365800 Uncommon trap: reason=unstable_if action=reinterpret pc=0x0000000003e065b8 method=java.util.HashMap$HashIterator.<init>(Ljava/util/HashMap;)V @ 45
Event: 18.969 Thread 0x000000001b365800 Uncommon trap: reason=unstable_if action=reinterpret pc=0x00000000041b9698 method=org.gradle.internal.logging.slf4j.OutputEventListenerBackedLogger.isLevelAtMost(Lorg/gradle/api/logging/LogLevel;)Z @ 11

Classes redefined (0 events):
No events

Internal exceptions (10 events):
Event: 16.347 Thread 0x000000001e120000 Exception <a 'sun/nio/fs/WindowsException'> (0x00000000dcb626c8) thrown at [C:\src\AOSP-openjdk-git\hotspot\src\share\vm\prims\jni.cpp, line 710]
Event: 16.348 Thread 0x000000001e120000 Exception <a 'sun/nio/fs/WindowsException'> (0x00000000dcb63398) thrown at [C:\src\AOSP-openjdk-git\hotspot\src\share\vm\prims\jni.cpp, line 710]
Event: 16.348 Thread 0x000000001e120000 Exception <a 'sun/nio/fs/WindowsException'> (0x00000000dcb640d8) thrown at [C:\src\AOSP-openjdk-git\hotspot\src\share\vm\prims\jni.cpp, line 710]
Event: 16.348 Thread 0x000000001e120000 Exception <a 'sun/nio/fs/WindowsException'> (0x00000000dcb66138) thrown at [C:\src\AOSP-openjdk-git\hotspot\src\share\vm\prims\jni.cpp, line 710]
Event: 16.348 Thread 0x000000001e120000 Exception <a 'sun/nio/fs/WindowsException'> (0x00000000dcb66e18) thrown at [C:\src\AOSP-openjdk-git\hotspot\src\share\vm\prims\jni.cpp, line 710]
Event: 16.348 Thread 0x000000001e120000 Exception <a 'sun/nio/fs/WindowsException'> (0x00000000dcb67b68) thrown at [C:\src\AOSP-openjdk-git\hotspot\src\share\vm\prims\jni.cpp, line 710]
Event: 16.452 Thread 0x000000001e122800 Implicit null exception at 0x0000000003c75d20 to 0x0000000003c765c1
Event: 18.052 Thread 0x000000001b365800 Implicit null exception at 0x00000000045c09e6 to 0x00000000045c1991
Event: 18.851 Thread 0x000000001b365800 Exception <a 'sun/nio/fs/WindowsException'> (0x00000000d88cb240) thrown at [C:\src\AOSP-openjdk-git\hotspot\src\share\vm\prims\jni.cpp, line 710]
Event: 18.875 Thread 0x000000001b365800 Implicit null exception at 0x000000000410e9ec to 0x000000000410ea29

Events (10 events):
Event: 18.969 Thread 0x000000001b365800 DEOPT UNPACKING pc=0x0000000002cd557b sp=0x000000001ce5e328 mode 2
Event: 18.969 loading class com/google/wireless/android/sdk/stats/UIActionStatsOrBuilder
Event: 18.969 loading class com/google/wireless/android/sdk/stats/UIActionStatsOrBuilder done
Event: 18.969 loading class com/google/wireless/android/sdk/stats/LldbPerformanceStatsOrBuilder
Event: 18.969 loading class com/google/wireless/android/sdk/stats/LldbPerformanceStatsOrBuilder done
Event: 18.969 Thread 0x0000000019987000 Thread exited: 0x0000000019987000
Event: 18.970 loading class com/google/wireless/android/sdk/stats/MachineDetailsOrBuilder
Event: 18.970 loading class com/google/wireless/android/sdk/stats/MachineDetailsOrBuilder done
Event: 18.970 loading class com/google/wireless/android/sdk/stats/FirebaseErrorDetailsOrBuilder
Event: 18.970 loading class com/google/wireless/android/sdk/stats/FirebaseErrorDetailsOrBuilder done


Dynamic libraries:
0x00007ff7a4c30000 - 0x00007ff7a4c61000 	C:\Program Files\Android\Android Studio\jre\bin\java.exe
0x00007ffcd4000000 - 0x00007ffcd41f0000 	C:\WINDOWS\SYSTEM32\ntdll.dll
0x00007ffcd38b0000 - 0x00007ffcd3962000 	C:\WINDOWS\System32\KERNEL32.DLL
0x00007ffcd1780000 - 0x00007ffcd1a25000 	C:\WINDOWS\System32\KERNELBASE.dll
0x00007ffcd32a0000 - 0x00007ffcd3343000 	C:\WINDOWS\System32\ADVAPI32.dll
0x00007ffcd27f0000 - 0x00007ffcd288e000 	C:\WINDOWS\System32\msvcrt.dll
0x00007ffcd20c0000 - 0x00007ffcd2157000 	C:\WINDOWS\System32\sechost.dll
0x00007ffcd3350000 - 0x00007ffcd346f000 	C:\WINDOWS\System32\RPCRT4.dll
0x00007ffcd2890000 - 0x00007ffcd2a24000 	C:\WINDOWS\System32\USER32.dll
0x00007ffcd2030000 - 0x00007ffcd2051000 	C:\WINDOWS\System32\win32u.dll
0x00007ffcd3250000 - 0x00007ffcd3276000 	C:\WINDOWS\System32\GDI32.dll
0x00007ffcd1dc0000 - 0x00007ffcd1f58000 	C:\WINDOWS\System32\gdi32full.dll
0x00007ffcd1a60000 - 0x00007ffcd1afe000 	C:\WINDOWS\System32\msvcp_win.dll
0x00007ffcd1c60000 - 0x00007ffcd1d5a000 	C:\WINDOWS\System32\ucrtbase.dll
0x00007ffcc1230000 - 0x00007ffcc14b4000 	C:\WINDOWS\WinSxS\amd64_microsoft.windows.common-controls_6595b64144ccf1df_6.0.18362.1440_none_9e7dbfb9e45e8e67\COMCTL32.dll
0x00007ffcd2440000 - 0x00007ffcd2776000 	C:\WINDOWS\System32\combase.dll
0x00007ffcd0f70000 - 0x00007ffcd0ff1000 	C:\WINDOWS\System32\bcryptPrimitives.dll
0x00007ffcd3620000 - 0x00007ffcd364e000 	C:\WINDOWS\System32\IMM32.DLL
0x00000000754a0000 - 0x0000000075572000 	C:\Program Files\Android\Android Studio\jre\jre\bin\msvcr100.dll
0x0000000075f80000 - 0x00000000767cb000 	C:\Program Files\Android\Android Studio\jre\jre\bin\server\jvm.dll
0x00007ffcd3f40000 - 0x00007ffcd3f48000 	C:\WINDOWS\System32\PSAPI.DLL
0x00007ffcbe550000 - 0x00007ffcbe559000 	C:\WINDOWS\SYSTEM32\WSOCK32.dll
0x00007ffccea90000 - 0x00007ffcceab4000 	C:\WINDOWS\SYSTEM32\WINMM.dll
0x00007ffcd3470000 - 0x00007ffcd34df000 	C:\WINDOWS\System32\WS2_32.dll
0x00007ffcc9b60000 - 0x00007ffcc9b6a000 	C:\WINDOWS\SYSTEM32\VERSION.dll
0x00007ffcce610000 - 0x00007ffcce63d000 	C:\WINDOWS\SYSTEM32\WINMMBASE.dll
0x00007ffcd2060000 - 0x00007ffcd20aa000 	C:\WINDOWS\System32\cfgmgr32.dll
0x00007ffccd350000 - 0x00007ffccd35f000 	C:\Program Files\Android\Android Studio\jre\jre\bin\verify.dll
0x00007ffcb4420000 - 0x00007ffcb4449000 	C:\Program Files\Android\Android Studio\jre\jre\bin\java.dll
0x00007ffcc2880000 - 0x00007ffcc2896000 	C:\Program Files\Android\Android Studio\jre\jre\bin\zip.dll
0x00007ffcd2a90000 - 0x00007ffcd3178000 	C:\WINDOWS\System32\SHELL32.dll
0x00007ffcd3730000 - 0x00007ffcd37d7000 	C:\WINDOWS\System32\shcore.dll
0x00007ffcd1000000 - 0x00007ffcd177b000 	C:\WINDOWS\System32\windows.storage.dll
0x00007ffcd0ec0000 - 0x00007ffcd0ede000 	C:\WINDOWS\System32\profapi.dll
0x00007ffcd0f20000 - 0x00007ffcd0f6a000 	C:\WINDOWS\System32\powrprof.dll
0x00007ffcd0eb0000 - 0x00007ffcd0ec0000 	C:\WINDOWS\System32\UMPDC.dll
0x00007ffcd2a30000 - 0x00007ffcd2a82000 	C:\WINDOWS\System32\shlwapi.dll
0x00007ffcd0f00000 - 0x00007ffcd0f11000 	C:\WINDOWS\System32\kernel.appcore.dll
0x00007ffcd2010000 - 0x00007ffcd2027000 	C:\WINDOWS\System32\cryptsp.dll
0x00007ffcc2160000 - 0x00007ffcc217a000 	C:\Program Files\Android\Android Studio\jre\jre\bin\net.dll
0x00007ffcd0690000 - 0x00007ffcd06f7000 	C:\WINDOWS\system32\mswsock.dll
0x00007ffcbc2e0000 - 0x00007ffcbc2f3000 	C:\Program Files\Android\Android Studio\jre\jre\bin\nio.dll
0x00007ffcb44f0000 - 0x00007ffcb4516000 	C:\Users\Zeynep\.gradle\native\31\windows-amd64\native-platform.dll
0x00007ffcca4a0000 - 0x00007ffcca4ad000 	C:\Program Files\Android\Android Studio\jre\jre\bin\management.dll
0x00007ffcd0210000 - 0x00007ffcd0243000 	C:\WINDOWS\system32\rsaenh.dll
0x00007ffcd1a30000 - 0x00007ffcd1a56000 	C:\WINDOWS\System32\bcrypt.dll
0x00007ffcd0d90000 - 0x00007ffcd0db5000 	C:\WINDOWS\SYSTEM32\USERENV.dll
0x00007ffcd0860000 - 0x00007ffcd086c000 	C:\WINDOWS\SYSTEM32\CRYPTBASE.dll
0x00007ffcd03a0000 - 0x00007ffcd03da000 	C:\WINDOWS\SYSTEM32\IPHLPAPI.DLL
0x00007ffcd20b0000 - 0x00007ffcd20b8000 	C:\WINDOWS\System32\NSI.dll
0x00007ffcc68b0000 - 0x00007ffcc68c6000 	C:\WINDOWS\SYSTEM32\dhcpcsvc6.DLL
0x00007ffcc7ff0000 - 0x00007ffcc800c000 	C:\WINDOWS\SYSTEM32\dhcpcsvc.DLL
0x00007ffcd03e0000 - 0x00007ffcd04ab000 	C:\WINDOWS\SYSTEM32\DNSAPI.dll
0x00007ffcbc2b0000 - 0x00007ffcbc2d4000 	C:\Program Files\Android\Android Studio\jre\jre\bin\sunec.dll
0x00000000500c0000 - 0x00000000500f5000 	C:\Program Files\Bonjour\mdnsNSP.dll
0x00007ffcc2140000 - 0x00007ffcc214a000 	C:\Windows\System32\rasadhlp.dll
0x00007ffcc42b0000 - 0x00007ffcc4327000 	C:\WINDOWS\System32\fwpuclnt.dll
0x00007ffcc27d0000 - 0x00007ffcc27db000 	C:\Program Files\Android\Android Studio\jre\jre\bin\sunmscapi.dll
0x00007ffcd1b00000 - 0x00007ffcd1c51000 	C:\WINDOWS\System32\CRYPT32.dll
0x00007ffcd0ee0000 - 0x00007ffcd0ef2000 	C:\WINDOWS\System32\MSASN1.dll

VM Arguments:
jvm_args: -Xmx2048m -Dfile.encoding=windows-1254 -Duser.country=TR -Duser.language=tr -Duser.variant 
java_command: org.gradle.launcher.daemon.bootstrap.GradleDaemon 6.1.1
java_class_path (initial): C:\Users\Zeynep\.gradle\wrapper\dists\gradle-6.1.1-all\cfmwm155h49vnt3hynmlrsdst\gradle-6.1.1\lib\gradle-launcher-6.1.1.jar
Launcher Type: SUN_STANDARD

Environment Variables:
JAVA_HOME=C:\Program Files\Java\jdk-12.0.2
PATH=C:\Program Files (x86)\Common Files\Oracle\Java\javapath;C:\WINDOWS\system32;C:\WINDOWS;C:\WINDOWS\System32\Wbem;C:\WINDOWS\System32\WindowsPowerShell\v1.0\;C:\WINDOWS\System32\OpenSSH\;C:\Program Files\Intel\WiFi\bin\;C:\Program Files\Common Files\Intel\WirelessCommon\;C:\Program Files\MATLAB\R2016a\runtime\win64;C:\Program Files\MATLAB\R2016a\bin;C:\Program Files\MATLAB\R2016a\polyspace\bin;C:\Program Files\nodejs\;C:\xampp\php;C:\ProgramData\ComposerSetup\bin;C:\wamp64\bin\php\php5.6.40;C:\Program Files\Git\cmd;C:\Users\Zeynep\AppData\Local\Microsoft\WindowsApps;C:\Users\Zeynep\AppData\Local\Microsoft\WindowsApps;C:\Users\Zeynep\AppData\Roaming\npm;C:\Users\Zeynep\AppData\Local\Android\Sdk\platform-tools;C:\Users\Zeynep\AppData\Roaming\Composer\vendor\bin;C:\wamp64\www\PhpStorm 2020.2.3\bin;C:\Users\Zeynep\AppData\Local\GitHubDesktop\bin
USERNAME=Zeynep
OS=Windows_NT
PROCESSOR_IDENTIFIER=Intel64 Family 6 Model 142 Stepping 9, GenuineIntel



---------------  S Y S T E M  ---------------

OS: Windows 10.0 , 64 bit Build 18362 (10.0.18362.1350)

CPU:total 4 (initial active 4) (2 cores per cpu, 2 threads per core) family 6 model 142 stepping 9, cmov, cx8, fxsr, mmx, sse, sse2, sse3, ssse3, sse4.1, sse4.2, popcnt, avx, avx2, aes, clmul, erms, 3dnowpref, lzcnt, ht, tsc, tscinvbit, bmi1, bmi2, adx

Memory: 4k page, physical 12466956k(559476k free), swap 22523676k(4592k free)

vm_info: OpenJDK 64-Bit Server VM (25.242-b01) for windows-amd64 JRE (1.8.0_242-release-1644-b01), built by "builder" with MS VC++ 10.0 (VS2010)

time: Tue May 11 12:20:38 2021
timezone: Türkiye Standart Saati
elapsed time: 18 seconds (0d 0h 0m 18s)

